2025-12-12T18:16:50.569082600Z | LOGIN_SUCCESS | user=Tadiwa Mkwenje | Password+TOTP verified
2025-12-12T18:19:45.296487900Z | REGISTER_SUCCESS | user=TADIWA | User created, QR generated for SafeAuth
2025-12-12T18:20:17.681666100Z | LOGIN_SUCCESS | user=TADIWA | Password+TOTP verified
2025-12-12T18:22:00.043500Z | LOGIN_FAIL | user=Tadiwa Mkwenje | Invalid password or TOTP
2025-12-12T18:22:25.769202Z | LOGIN_SUCCESS | user=Tadiwa Mkwenje | Password+TOTP verified
2025-12-12T18:38:41.698635600Z | LOGIN_SUCCESS | user=TADIWA | Password+TOTP verified
2025-12-12T18:39:12.101124Z | LOGOUT | user=TADIWA | User logged out
2025-12-12T18:40:23.626580600Z | LOGIN_SUCCESS | user=Tadiwa Mkwenje | Password+TOTP verified
2025-12-12T18:43:32.617248Z | ENCRYPT_FILE | user=Tadiwa Mkwenje | Encrypted C:\SecureVaultTestFiles\Test1.txt -> C:\SecureVaultTestFiles\Test1.txt.sv
2025-12-12T18:58:56.756340200Z | LOGOUT | user=Tadiwa Mkwenje | User logged out
2025-12-12T19:04:47.847461400Z | LOGIN_SUCCESS | user=Tadiwa Mkwenje | Password+TOTP verified
2025-12-12T19:12:21.741404500Z | LOGOUT | user=Tadiwa Mkwenje | User logged out
2025-12-12T19:27:35.361638400Z | LOGIN_SUCCESS | user=Tadiwa Mkwenje | Password+TOTP verified
2025-12-12T19:28:38.277900800Z | ENCRYPT_FILE | user=Tadiwa Mkwenje | Encrypted C:\SecureVaultTestFiles\Test1.txt -> C:\SecureVaultTestFiles\Test1.txt.sv
2025-12-12T19:28:47.608169100Z | PLAINTEXT_DELETED | user=Tadiwa Mkwenje | Deleted original: C:\SecureVaultTestFiles\Test1.txt
2025-12-12T19:46:24.184119Z | LOGIN_SUCCESS | user=Tadiwa Mkwenje | Password+TOTP verified
2025-12-12T19:46:51.740147300Z | LOGOUT | user=Tadiwa Mkwenje | User logged out
2025-12-12T19:47:40.385639200Z | LOGIN_SUCCESS | user=Tadiwa Mkwenje | Password+TOTP verified
2025-12-12T19:50:02.096439500Z | LOGOUT | user=Tadiwa Mkwenje | User logged out
2025-12-12T19:50:05.216013Z | LOGOUT | user=Tadiwa Mkwenje | User logged out
2025-12-12T19:50:41.638878900Z | LOGIN_SUCCESS | user=Tadiwa Mkwenje | Password+TOTP verified
2025-12-12T19:54:44.539475700Z | LOGOUT | user=Tadiwa Mkwenje | User logged out
2025-12-12T20:07:42.538521500Z | LOGIN_SUCCESS | user=Tadiwa Mkwenje | Password+TOTP verified
2025-12-12T20:08:10.020418900Z | ENCRYPT_FILE | user=Tadiwa Mkwenje | Encrypted C:\SecureVaultTestFiles\Test2.txt -> C:\SecureVaultTestFiles\Test2.txt.sv
2025-12-12T20:09:51.190769400Z | LOGOUT | user=Tadiwa Mkwenje | User logged out
2025-12-12T20:10:19.198973500Z | LOGIN_SUCCESS | user=Tadiwa Mkwenje | Password+TOTP verified
2025-12-12T20:11:03.142107100Z | LOGOUT | user=Tadiwa Mkwenje | User logged out
2025-12-12T20:11:59.057561600Z | LOGIN_SUCCESS | user=Tadiwa Mkwenje | Password+TOTP verified
2025-12-12T20:13:04.149406500Z | LOGOUT | user=Tadiwa Mkwenje | User logged out
2025-12-12T20:13:39.518647900Z | LOGIN_SUCCESS | user=Tadiwa Mkwenje | Password+TOTP verified
2025-12-12T20:16:35.040218700Z | LOGOUT | user=Tadiwa Mkwenje | User logged out
2025-12-12T20:22:21.800413200Z | LOGIN_SUCCESS | user=Tadiwa Mkwenje | Password+TOTP verified
2025-12-12T20:28:17.792904800Z | LOGIN_SUCCESS | user=Tadiwa Mkwenje | Password+TOTP verified
2025-12-12T20:31:16.038410100Z | LOGOUT | user=Tadiwa Mkwenje | User logged out
2025-12-12T20:31:35.288768300Z | LOGIN_SUCCESS | user=Tadiwa Mkwenje | Password+TOTP verified
2025-12-12T20:32:22.757814900Z | LOGOUT | user=Tadiwa Mkwenje | User logged out
2025-12-12T20:32:45.206127600Z | LOGIN_SUCCESS | user=Tadiwa Mkwenje | Password+TOTP verified
2025-12-12T20:33:13.435457Z | ENCRYPT_FAIL | user=Tadiwa Mkwenje | [SQLITE_BUSY] The database file is locked (database is locked)
2025-12-12T20:33:31.898366500Z | LOGOUT | user=Tadiwa Mkwenje | User logged out
2025-12-12T20:34:15.392855900Z | LOGIN_SUCCESS | user=Tadiwa Mkwenje | Password+TOTP verified
2025-12-12T20:35:18.174924Z | ENCRYPT_FILE | user=Tadiwa Mkwenje | Encrypted C:\SecureVaultTestFiles\Test3.txt -> C:\SecureVaultTestFiles\Test3.txt.sv
2025-12-12T20:37:14.550207500Z | LOGIN_SUCCESS | user=Tadiwa Mkwenje | Password+TOTP verified
2025-12-12T20:37:47.119836600Z | ENCRYPT_FILE | user=Tadiwa Mkwenje | Encrypted C:\SecureVaultTestFiles\Test3.txt -> C:\SecureVaultTestFiles\Test3.txt.sv
2025-12-12T20:40:09.199558100Z | LOGOUT | user=Tadiwa Mkwenje | User logged out
2025-12-12T21:15:07.109834300Z | LOGIN_SUCCESS | user=Tadiwa Mkwenje | Password+TOTP verified
2025-12-12T21:15:52.915400500Z | ENCRYPT_FAIL | user=Tadiwa Mkwenje | User RSA public key not found. Register again or reset DB.
2025-12-12T21:19:20.516912700Z | LOGIN_SUCCESS | user=Tadiwa Mkwenje | Password+TOTP verified
2025-12-12T21:19:34.070515700Z | ENCRYPT_FAIL | user=Tadiwa Mkwenje | User RSA public key not found. Register again or reset DB.
2025-12-12T21:20:55.642741100Z | ENCRYPT_FAIL | user=Tadiwa Mkwenje | User RSA public key not found. Register again or reset DB.
2025-12-12T21:24:46.872420100Z | LOGOUT | user=Tadiwa Mkwenje | User logged out
2025-12-12T21:26:30.518429200Z | REGISTER_SUCCESS | user=Tadiwa Mkwenje | User created, QR generated for SafeAuth
2025-12-12T21:28:08.220724700Z | LOGIN_SUCCESS | user=Tadiwa Mkwenje | Password+TOTP verified
2025-12-12T21:28:32.722280900Z | ENCRYPT_FILE | user=Tadiwa Mkwenje | Encrypted C:\SecureVaultTestFiles\Test3.txt -> C:\SecureVaultTestFiles\Test3.txt.sv (AES-GCM + RSA-wrapped key)
2025-12-12T21:29:19.547250500Z | DECRYPT_FILE | user=Tadiwa Mkwenje | Decrypted C:\SecureVaultTestFiles\Test3.txt.sv -> C:\SecureVaultTestFiles\decrypted_output (RSA-unwrapped key + AES-GCM)
2025-12-12T21:33:23.811220600Z | LOGIN_SUCCESS | user=Tadiwa Mkwenje | Password+TOTP verified
2025-12-12T21:34:08.380562600Z | ENCRYPT_FILE | user=Tadiwa Mkwenje | Encrypted C:\SecureVaultTestFiles\Test3.txt -> C:\SecureVaultTestFiles\Test3.txt.sv (AES-GCM + RSA-wrapped key)
2025-12-12T21:34:10.611436800Z | PLAINTEXT_DELETED | user=Tadiwa Mkwenje | Deleted original: C:\SecureVaultTestFiles\Test3.txt
2025-12-12T21:34:38.056035900Z | DECRYPT_FILE | user=Tadiwa Mkwenje | Decrypted C:\SecureVaultTestFiles\Test3.txt.sv -> C:\SecureVaultTestFiles\decrypted_output (RSA-unwrapped key + AES-GCM)
2025-12-12T21:36:35.263316500Z | LOGOUT | user=Tadiwa Mkwenje | User logged out
2025-12-12T21:44:26.458088800Z | LOGIN_SUCCESS | user=Tadiwa Mkwenje | Password+TOTP verified
2025-12-12T21:44:43.031499400Z | ENCRYPT_FILE | user=Tadiwa Mkwenje | Encrypted C:\SecureVaultTestFiles\Test4.txt -> C:\SecureVaultTestFiles\Test4.txt.sv (AES-GCM + RSA-wrapped key)
2025-12-12T21:44:44.153414500Z | PLAINTEXT_DELETED | user=Tadiwa Mkwenje | Deleted original: C:\SecureVaultTestFiles\Test4.txt
2025-12-12T21:45:09.714223300Z | DECRYPT_FILE | user=Tadiwa Mkwenje | Decrypted C:\SecureVaultTestFiles\Test4.txt.sv -> C:\SecureVaultTestFiles\Test4_decrypted.txt (RSA-unwrapped key + AES-GCM)
